<?xml version="1.0" encoding="UTF-8"?>
<!-- Generated by org.testng.reporters.JUnitReportReporter -->
<testsuite hostname="bhupeshs-MacBook-Pro.local" failures="0" tests="2" name="com.selenium.launch.HomePage" time="48.561" errors="0" timestamp="2022-10-03T12:22:54 IST" skipped="0">
  <testcase classname="com.selenium.launch.HomePage" name="LaunchTest" time="17.256"/>
  <system-out/>
  <testcase classname="com.selenium.launch.HomePage" name="LaunchTestAgain" time="31.305"/>
  <system-out/>
</testsuite> <!-- com.selenium.launch.HomePage -->
