<?xml version="1.0" encoding="UTF-8"?>
<!-- Generated by org.testng.reporters.JUnitReportReporter -->
<testsuite hostname="bhupeshs-MacBook-Pro.local" failures="0" tests="2" name="com.bhupesh.selenium.HomePage" time="6.989" errors="0" timestamp="2022-11-05T18:20:59 IST" skipped="0">
  <testcase classname="com.bhupesh.selenium.HomePage" name="Logout" time="0.637"/>
  <system-out/>
  <testcase classname="com.bhupesh.selenium.HomePage" name="LaunchTest" time="6.352"/>
  <system-out/>
</testsuite> <!-- com.bhupesh.selenium.HomePage -->
