<?xml version="1.0" encoding="UTF-8"?>
<!-- Generated by org.testng.reporters.JUnitReportReporter -->
<testsuite hostname="bhupeshs-MacBook-Pro.local" failures="0" tests="1" name="com.bhupesh.selenium.TableTest" time="9.462" errors="0" timestamp="2022-11-05T18:20:59 IST" skipped="0">
  <testcase classname="com.bhupesh.selenium.TableTest" name="DeleteTableRecordsTest" time="9.462"/>
  <system-out/>
</testsuite> <!-- com.bhupesh.selenium.TableTest -->
