<?xml version="1.0" encoding="UTF-8"?>
<!-- Generated by org.testng.reporters.JUnitReportReporter -->
<testsuite hostname="bhupeshs-MacBook-Pro.local" failures="0" tests="1" name="com.selenium.launch.HomePage" time="6.716" errors="0" timestamp="2022-10-05T10:35:32 IST" skipped="0">
  <testcase classname="com.selenium.launch.HomePage" name="LaunchTest" time="6.716"/>
  <system-out/>
</testsuite> <!-- com.selenium.launch.HomePage -->
