<?xml version="1.0" encoding="UTF-8"?>
<!-- Generated by org.testng.reporters.JUnitReportReporter -->
<testsuite hostname="bhupeshs-MacBook-Pro.local" failures="0" tests="2" name="com.bhupesh.selenium.HomePage" time="18.360" errors="0" timestamp="2022-11-06T15:51:45 IST" skipped="0">
  <testcase classname="com.bhupesh.selenium.HomePage" name="Logout" time="1.920"/>
  <system-out/>
  <testcase classname="com.bhupesh.selenium.HomePage" name="LaunchTest" time="16.440"/>
  <system-out/>
</testsuite> <!-- com.bhupesh.selenium.HomePage -->
