<?xml version="1.0" encoding="UTF-8"?>
<!-- Generated by org.testng.reporters.JUnitReportReporter -->
<testsuite hostname="bhupeshs-MacBook-Pro.local" failures="0" tests="1" name="com.bhupesh.selenium.TableTest" time="14.456" errors="0" timestamp="2022-11-06T15:51:45 IST" skipped="0">
  <testcase classname="com.bhupesh.selenium.TableTest" name="DeleteTableRecordsTest" time="14.456"/>
  <system-out/>
</testsuite> <!-- com.bhupesh.selenium.TableTest -->
