<?xml version="1.0" encoding="UTF-8"?>
<!-- Generated by org.testng.reporters.JUnitReportReporter -->
<testsuite hostname="bhupeshs-MacBook-Pro.local" failures="0" tests="1" name="com.selenium.launch.TableTest" time="6.361" errors="0" timestamp="2022-10-05T10:35:32 IST" skipped="0">
  <testcase classname="com.selenium.launch.TableTest" name="DeleteTableRecordsTest" time="6.361"/>
  <system-out/>
</testsuite> <!-- com.selenium.launch.TableTest -->
